This is pdfTeX, Version 3.14159265-2.6-1.40.16 (MiKTeX 2.9 64-bit) (preloaded format=pdflatex 2016.6.7)  9 JUN 2016 16:09
entering extended mode
**"C:/Users/Gabriela/Desktop/Diseño - ADOO/disenio.tex"
("C:/Users/Gabriela/Desktop/Diseño - ADOO/disenio.tex"
LaTeX2e <2015/10/01> patch level 2
Babel <3.9n> and hyphenation patterns for 69 languages loaded.
("C:\Users\Gabriela\AppData\Local\Programs\MiKTeX 2.9\tex\latex\base\book.cls"
Document Class: book 2014/09/29 v1.4h Standard LaTeX document class
("C:\Users\Gabriela\AppData\Local\Programs\MiKTeX 2.9\tex\latex\base\bk10.clo"
File: bk10.clo 2014/09/29 v1.4h Standard LaTeX file (size option)
)
\c@part=\count79
\c@chapter=\count80
\c@section=\count81
\c@subsection=\count82
\c@subsubsection=\count83
\c@paragraph=\count84
\c@subparagraph=\count85
\c@figure=\count86
\c@table=\count87
\abovecaptionskip=\skip41
\belowcaptionskip=\skip42
\bibindent=\dimen102
) (cdtBook.sty
Package: cdtBook 2010/05/30, v1.0 CDT-ESCOM-IPN Plantilla para reportes de la C
oordinación

("C:\Users\Gabriela\AppData\Local\Programs\MiKTeX 2.9\tex\latex\base\inputenc.s
ty"
Package: inputenc 2015/03/17 v1.2c Input encoding file
\inpenc@prehook=\toks14
\inpenc@posthook=\toks15

("C:\Users\Gabriela\AppData\Local\Programs\MiKTeX 2.9\tex\latex\base\utf8.def"
File: utf8.def 2015/09/07 v1.1p UTF-8 support for inputenc
Now handling font encoding OML ...
... no UTF-8 mapping file for font encoding OML
Now handling font encoding T1 ...
... processing UTF-8 mapping file for font encoding T1

("C:\Users\Gabriela\AppData\Local\Programs\MiKTeX 2.9\tex\latex\base\t1enc.dfu"
File: t1enc.dfu 2015/09/07 v1.1p UTF-8 support for inputenc
   defining Unicode char U+00A0 (decimal 160)
   defining Unicode char U+00A1 (decimal 161)
   defining Unicode char U+00A3 (decimal 163)
   defining Unicode char U+00AB (decimal 171)
   defining Unicode char U+00AD (decimal 173)
   defining Unicode char U+00BB (decimal 187)
   defining Unicode char U+00BF (decimal 191)
   defining Unicode char U+00C0 (decimal 192)
   defining Unicode char U+00C1 (decimal 193)
   defining Unicode char U+00C2 (decimal 194)
   defining Unicode char U+00C3 (decimal 195)
   defining Unicode char U+00C4 (decimal 196)
   defining Unicode char U+00C5 (decimal 197)
   defining Unicode char U+00C6 (decimal 198)
   defining Unicode char U+00C7 (decimal 199)
   defining Unicode char U+00C8 (decimal 200)
   defining Unicode char U+00C9 (decimal 201)
   defining Unicode char U+00CA (decimal 202)
   defining Unicode char U+00CB (decimal 203)
   defining Unicode char U+00CC (decimal 204)
   defining Unicode char U+00CD (decimal 205)
   defining Unicode char U+00CE (decimal 206)
   defining Unicode char U+00CF (decimal 207)
   defining Unicode char U+00D0 (decimal 208)
   defining Unicode char U+00D1 (decimal 209)
   defining Unicode char U+00D2 (decimal 210)
   defining Unicode char U+00D3 (decimal 211)
   defining Unicode char U+00D4 (decimal 212)
   defining Unicode char U+00D5 (decimal 213)
   defining Unicode char U+00D6 (decimal 214)
   defining Unicode char U+00D8 (decimal 216)
   defining Unicode char U+00D9 (decimal 217)
   defining Unicode char U+00DA (decimal 218)
   defining Unicode char U+00DB (decimal 219)
   defining Unicode char U+00DC (decimal 220)
   defining Unicode char U+00DD (decimal 221)
   defining Unicode char U+00DE (decimal 222)
   defining Unicode char U+00DF (decimal 223)
   defining Unicode char U+00E0 (decimal 224)
   defining Unicode char U+00E1 (decimal 225)
   defining Unicode char U+00E2 (decimal 226)
   defining Unicode char U+00E3 (decimal 227)
   defining Unicode char U+00E4 (decimal 228)
   defining Unicode char U+00E5 (decimal 229)
   defining Unicode char U+00E6 (decimal 230)
   defining Unicode char U+00E7 (decimal 231)
   defining Unicode char U+00E8 (decimal 232)
   defining Unicode char U+00E9 (decimal 233)
   defining Unicode char U+00EA (decimal 234)
   defining Unicode char U+00EB (decimal 235)
   defining Unicode char U+00EC (decimal 236)
   defining Unicode char U+00ED (decimal 237)
   defining Unicode char U+00EE (decimal 238)
   defining Unicode char U+00EF (decimal 239)
   defining Unicode char U+00F0 (decimal 240)
   defining Unicode char U+00F1 (decimal 241)
   defining Unicode char U+00F2 (decimal 242)
   defining Unicode char U+00F3 (decimal 243)
   defining Unicode char U+00F4 (decimal 244)
   defining Unicode char U+00F5 (decimal 245)
   defining Unicode char U+00F6 (decimal 246)
   defining Unicode char U+00F8 (decimal 248)
   defining Unicode char U+00F9 (decimal 249)
   defining Unicode char U+00FA (decimal 250)
   defining Unicode char U+00FB (decimal 251)
   defining Unicode char U+00FC (decimal 252)
   defining Unicode char U+00FD (decimal 253)
   defining Unicode char U+00FE (decimal 254)
   defining Unicode char U+00FF (decimal 255)
   defining Unicode char U+0102 (decimal 258)
   defining Unicode char U+0103 (decimal 259)
   defining Unicode char U+0104 (decimal 260)
   defining Unicode char U+0105 (decimal 261)
   defining Unicode char U+0106 (decimal 262)
   defining Unicode char U+0107 (decimal 263)
   defining Unicode char U+010C (decimal 268)
   defining Unicode char U+010D (decimal 269)
   defining Unicode char U+010E (decimal 270)
   defining Unicode char U+010F (decimal 271)
   defining Unicode char U+0110 (decimal 272)
   defining Unicode char U+0111 (decimal 273)
   defining Unicode char U+0118 (decimal 280)
   defining Unicode char U+0119 (decimal 281)
   defining Unicode char U+011A (decimal 282)
   defining Unicode char U+011B (decimal 283)
   defining Unicode char U+011E (decimal 286)
   defining Unicode char U+011F (decimal 287)
   defining Unicode char U+0130 (decimal 304)
   defining Unicode char U+0131 (decimal 305)
   defining Unicode char U+0132 (decimal 306)
   defining Unicode char U+0133 (decimal 307)
   defining Unicode char U+0139 (decimal 313)
   defining Unicode char U+013A (decimal 314)
   defining Unicode char U+013D (decimal 317)
   defining Unicode char U+013E (decimal 318)
   defining Unicode char U+0141 (decimal 321)
   defining Unicode char U+0142 (decimal 322)
   defining Unicode char U+0143 (decimal 323)
   defining Unicode char U+0144 (decimal 324)
   defining Unicode char U+0147 (decimal 327)
   defining Unicode char U+0148 (decimal 328)
   defining Unicode char U+014A (decimal 330)
   defining Unicode char U+014B (decimal 331)
   defining Unicode char U+0150 (decimal 336)
   defining Unicode char U+0151 (decimal 337)
   defining Unicode char U+0152 (decimal 338)
   defining Unicode char U+0153 (decimal 339)
   defining Unicode char U+0154 (decimal 340)
   defining Unicode char U+0155 (decimal 341)
   defining Unicode char U+0158 (decimal 344)
   defining Unicode char U+0159 (decimal 345)
   defining Unicode char U+015A (decimal 346)
   defining Unicode char U+015B (decimal 347)
   defining Unicode char U+015E (decimal 350)
   defining Unicode char U+015F (decimal 351)
   defining Unicode char U+0160 (decimal 352)
   defining Unicode char U+0161 (decimal 353)
   defining Unicode char U+0162 (decimal 354)
   defining Unicode char U+0163 (decimal 355)
   defining Unicode char U+0164 (decimal 356)
   defining Unicode char U+0165 (decimal 357)
   defining Unicode char U+016E (decimal 366)
   defining Unicode char U+016F (decimal 367)
   defining Unicode char U+0170 (decimal 368)
   defining Unicode char U+0171 (decimal 369)
   defining Unicode char U+0174 (decimal 372)
   defining Unicode char U+0175 (decimal 373)
   defining Unicode char U+0176 (decimal 374)
   defining Unicode char U+0177 (decimal 375)
   defining Unicode char U+0178 (decimal 376)
   defining Unicode char U+0179 (decimal 377)
   defining Unicode char U+017A (decimal 378)
   defining Unicode char U+017B (decimal 379)
   defining Unicode char U+017C (decimal 380)
   defining Unicode char U+017D (decimal 381)
   defining Unicode char U+017E (decimal 382)
   defining Unicode char U+0218 (decimal 536)
   defining Unicode char U+0219 (decimal 537)
   defining Unicode char U+021A (decimal 538)
   defining Unicode char U+021B (decimal 539)
   defining Unicode char U+200C (decimal 8204)
   defining Unicode char U+2013 (decimal 8211)
   defining Unicode char U+2014 (decimal 8212)
   defining Unicode char U+2018 (decimal 8216)
   defining Unicode char U+2019 (decimal 8217)
   defining Unicode char U+201A (decimal 8218)
   defining Unicode char U+201C (decimal 8220)
   defining Unicode char U+201D (decimal 8221)
   defining Unicode char U+201E (decimal 8222)
   defining Unicode char U+2030 (decimal 8240)
   defining Unicode char U+2031 (decimal 8241)
   defining Unicode char U+2039 (decimal 8249)
   defining Unicode char U+203A (decimal 8250)
   defining Unicode char U+2423 (decimal 9251)
)
Now handling font encoding OT1 ...
... processing UTF-8 mapping file for font encoding OT1

("C:\Users\Gabriela\AppData\Local\Programs\MiKTeX 2.9\tex\latex\base\ot1enc.dfu
"
File: ot1enc.dfu 2015/09/07 v1.1p UTF-8 support for inputenc
   defining Unicode char U+00A0 (decimal 160)
   defining Unicode char U+00A1 (decimal 161)
   defining Unicode char U+00A3 (decimal 163)
   defining Unicode char U+00AD (decimal 173)
   defining Unicode char U+00B8 (decimal 184)
   defining Unicode char U+00BF (decimal 191)
   defining Unicode char U+00C5 (decimal 197)
   defining Unicode char U+00C6 (decimal 198)
   defining Unicode char U+00D8 (decimal 216)
   defining Unicode char U+00DF (decimal 223)
   defining Unicode char U+00E6 (decimal 230)
   defining Unicode char U+00EC (decimal 236)
   defining Unicode char U+00ED (decimal 237)
   defining Unicode char U+00EE (decimal 238)
   defining Unicode char U+00EF (decimal 239)
   defining Unicode char U+00F8 (decimal 248)
   defining Unicode char U+0131 (decimal 305)
   defining Unicode char U+0141 (decimal 321)
   defining Unicode char U+0142 (decimal 322)
   defining Unicode char U+0152 (decimal 338)
   defining Unicode char U+0153 (decimal 339)
   defining Unicode char U+0174 (decimal 372)
   defining Unicode char U+0175 (decimal 373)
   defining Unicode char U+0176 (decimal 374)
   defining Unicode char U+0177 (decimal 375)
   defining Unicode char U+0218 (decimal 536)
   defining Unicode char U+0219 (decimal 537)
   defining Unicode char U+021A (decimal 538)
   defining Unicode char U+021B (decimal 539)
   defining Unicode char U+2013 (decimal 8211)
   defining Unicode char U+2014 (decimal 8212)
   defining Unicode char U+2018 (decimal 8216)
   defining Unicode char U+2019 (decimal 8217)
   defining Unicode char U+201C (decimal 8220)
   defining Unicode char U+201D (decimal 8221)
)
Now handling font encoding OMS ...
... processing UTF-8 mapping file for font encoding OMS

("C:\Users\Gabriela\AppData\Local\Programs\MiKTeX 2.9\tex\latex\base\omsenc.dfu
"
File: omsenc.dfu 2015/09/07 v1.1p UTF-8 support for inputenc
   defining Unicode char U+00A7 (decimal 167)
   defining Unicode char U+00B6 (decimal 182)
   defining Unicode char U+00B7 (decimal 183)
   defining Unicode char U+2020 (decimal 8224)
   defining Unicode char U+2021 (decimal 8225)
   defining Unicode char U+2022 (decimal 8226)
)
Now handling font encoding OMX ...
... no UTF-8 mapping file for font encoding OMX
Now handling font encoding U ...
... no UTF-8 mapping file for font encoding U
   defining Unicode char U+00A9 (decimal 169)
   defining Unicode char U+00AA (decimal 170)
   defining Unicode char U+00AE (decimal 174)
   defining Unicode char U+00BA (decimal 186)
   defining Unicode char U+02C6 (decimal 710)
   defining Unicode char U+02DC (decimal 732)
   defining Unicode char U+200C (decimal 8204)
   defining Unicode char U+2026 (decimal 8230)
   defining Unicode char U+2122 (decimal 8482)
   defining Unicode char U+2423 (decimal 9251)
))
("C:\Users\Gabriela\AppData\Local\Programs\MiKTeX 2.9\tex\generic\babel\babel.s
ty"
Package: babel 2016/01/08 3.9n The Babel package

*************************************
* Local config file bblopts.cfg used
*

("C:\Users\Gabriela\AppData\Local\Programs\MiKTeX 2.9\tex\latex\00miktex\bblopt
s.cfg"
File: bblopts.cfg 2006/07/31 v1.0 MiKTeX 'babel' configuration
)
("C:\Users\Gabriela\AppData\Local\Programs\MiKTeX 2.9\tex\latex\babel-spanish\s
panish.ldf"
Language: spanish.ldf 2016/01/15 v5.0o Spanish support from the babel system

("C:\Users\Gabriela\AppData\Local\Programs\MiKTeX 2.9\tex\generic\babel\babel.d
ef"
File: babel.def 2016/01/08 3.9n Babel common definitions
\babel@savecnt=\count88
\U@D=\dimen103
)
\es@quottoks=\toks16
\es@quotdepth=\count89
Package babel Info: Making " an active character on input line 533.
Package babel Info: Making . an active character on input line 634.
Package babel Info: Making < an active character on input line 679.
Package babel Info: Making > an active character on input line 679.
))
("C:\Users\Gabriela\AppData\Local\Programs\MiKTeX 2.9\tex\latex\graphics\graphi
cx.sty"
Package: graphicx 2014/10/28 v1.0g Enhanced LaTeX Graphics (DPC,SPQR)

("C:\Users\Gabriela\AppData\Local\Programs\MiKTeX 2.9\tex\latex\graphics\keyval
.sty"
Package: keyval 2014/10/28 v1.15 key=value parser (DPC)
\KV@toks@=\toks17
)
("C:\Users\Gabriela\AppData\Local\Programs\MiKTeX 2.9\tex\latex\graphics\graphi
cs.sty"
Package: graphics 2014/10/28 v1.0p Standard LaTeX Graphics (DPC,SPQR)

("C:\Users\Gabriela\AppData\Local\Programs\MiKTeX 2.9\tex\latex\graphics\trig.s
ty"
Package: trig 1999/03/16 v1.09 sin cos tan (DPC)
)
("C:\Users\Gabriela\AppData\Local\Programs\MiKTeX 2.9\tex\latex\00miktex\graphi
cs.cfg"
File: graphics.cfg 2007/01/18 v1.5 graphics configuration of teTeX/TeXLive
)
Package graphics Info: Driver file: pdftex.def on input line 94.

("C:\Users\Gabriela\AppData\Local\Programs\MiKTeX 2.9\tex\latex\pdftex-def\pdft
ex.def"
File: pdftex.def 2011/05/27 v0.06d Graphics/color for pdfTeX

("C:\Users\Gabriela\AppData\Local\Programs\MiKTeX 2.9\tex\generic\oberdiek\infw
arerr.sty"
Package: infwarerr 2010/04/08 v1.3 Providing info/warning/error messages (HO)
)
("C:\Users\Gabriela\AppData\Local\Programs\MiKTeX 2.9\tex\generic\oberdiek\ltxc
mds.sty"
Package: ltxcmds 2011/11/09 v1.22 LaTeX kernel commands for general use (HO)
)
\Gread@gobject=\count90
))
\Gin@req@height=\dimen104
\Gin@req@width=\dimen105
)
("C:\Users\Gabriela\AppData\Local\Programs\MiKTeX 2.9\tex\latex\graphics\color.
sty"
Package: color 2014/10/28 v1.1a Standard LaTeX Color (DPC)

("C:\Users\Gabriela\AppData\Local\Programs\MiKTeX 2.9\tex\latex\00miktex\color.
cfg"
File: color.cfg 2007/01/18 v1.5 color configuration of teTeX/TeXLive
)
Package color Info: Driver file: pdftex.def on input line 142.

("C:\Users\Gabriela\AppData\Local\Programs\MiKTeX 2.9\tex\latex\graphics\dvipsn
am.def"
File: dvipsnam.def 2014/10/14 v3.0j Driver-dependent file (DPC,SPQR)
))
("C:\Users\Gabriela\AppData\Local\Programs\MiKTeX 2.9\tex\latex\wallpaper\wallp
aper.sty"
Package: wallpaper 2005/01/18, v1.01 easy wallpaper formatting (MHFW)

("C:\Users\Gabriela\AppData\Local\Programs\MiKTeX 2.9\tex\latex\base\ifthen.sty
"
Package: ifthen 2014/09/29 v1.1c Standard LaTeX ifthen package (DPC)
)
("C:\Users\Gabriela\AppData\Local\Programs\MiKTeX 2.9\tex\latex\tools\calc.sty"
Package: calc 2014/10/28 v4.3 Infix arithmetic (KKT,FJ)
\calc@Acount=\count91
\calc@Bcount=\count92
\calc@Adimen=\dimen106
\calc@Bdimen=\dimen107
\calc@Askip=\skip43
\calc@Bskip=\skip44
LaTeX Info: Redefining \setlength on input line 80.
LaTeX Info: Redefining \addtolength on input line 81.
\calc@Ccount=\count93
\calc@Cskip=\skip45
)
("C:\Users\Gabriela\AppData\Local\Programs\MiKTeX 2.9\tex\latex\eso-pic\eso-pic
.sty"
Package: eso-pic 2015/07/21 v2.0g eso-pic (RN)

("C:\Users\Gabriela\AppData\Local\Programs\MiKTeX 2.9\tex\generic\oberdiek\atbe
gshi.sty"
Package: atbegshi 2011/10/05 v1.16 At begin shipout hook (HO)

("C:\Users\Gabriela\AppData\Local\Programs\MiKTeX 2.9\tex\generic\oberdiek\ifpd
f.sty"
Package: ifpdf 2011/01/30 v2.3 Provides the ifpdf switch (HO)
Package ifpdf Info: pdfTeX in PDF mode is detected.
)))
\wpXoffset=\skip46
\wpYoffset=\skip47
\tileXoffset=\skip48
\tileYoffset=\skip49
\tilewidth=\skip50
\tileheight=\skip51
\tileX=\skip52
\tileY=\skip53
)
("C:\Users\Gabriela\AppData\Local\Programs\MiKTeX 2.9\tex\latex\fancyhdr\fancyh
dr.sty"
\fancy@headwidth=\skip54
\f@ncyO@elh=\skip55
\f@ncyO@erh=\skip56
\f@ncyO@olh=\skip57
\f@ncyO@orh=\skip58
\f@ncyO@elf=\skip59
\f@ncyO@erf=\skip60
\f@ncyO@olf=\skip61
\f@ncyO@orf=\skip62
)
("C:\Users\Gabriela\AppData\Local\Programs\MiKTeX 2.9\tex\latex\geometry\geomet
ry.sty"
Package: geometry 2010/09/12 v5.6 Page Geometry

("C:\Users\Gabriela\AppData\Local\Programs\MiKTeX 2.9\tex\generic\oberdiek\ifvt
ex.sty"
Package: ifvtex 2010/03/01 v1.5 Detect VTeX and its facilities (HO)
Package ifvtex Info: VTeX not detected.
)
("C:\Users\Gabriela\AppData\Local\Programs\MiKTeX 2.9\tex\generic\ifxetex\ifxet
ex.sty"
Package: ifxetex 2010/09/12 v0.6 Provides ifxetex conditional
)
\Gm@cnth=\count94
\Gm@cntv=\count95
\c@Gm@tempcnt=\count96
\Gm@bindingoffset=\dimen108
\Gm@wd@mp=\dimen109
\Gm@odd@mp=\dimen110
\Gm@even@mp=\dimen111
\Gm@layoutwidth=\dimen112
\Gm@layoutheight=\dimen113
\Gm@layouthoffset=\dimen114
\Gm@layoutvoffset=\dimen115
\Gm@dimlist=\toks18

("C:\Users\Gabriela\AppData\Local\Programs\MiKTeX 2.9\tex\latex\geometry\geomet
ry.cfg"))
("C:\Users\Gabriela\AppData\Local\Programs\MiKTeX 2.9\tex\latex\fncychap\fncych
ap.sty"
Package: fncychap 2007/07/30 v1.34 LaTeX package (Revised chapters)
\RW=\skip63
\mylen=\skip64
\myhi=\skip65
\px=\skip66
\py=\skip67
\pyy=\skip68
\pxx=\skip69
)
("C:\Users\Gabriela\AppData\Local\Programs\MiKTeX 2.9\tex\latex\marvosym\marvos
ym.sty"
Package: marvosym 2011/07/20 v2.2 Martin Vogel's Symbols font definitions
)

Package Fancyhdr Warning: \fancyhead's `E' option without twoside option is use
less on input line 33.


Package Fancyhdr Warning: \fancyhead's `E' option without twoside option is use
less on input line 35.


Package Fancyhdr Warning: \fancyfoot's `E' option without twoside option is use
less on input line 39.


Package Fancyhdr Warning: \fancyfoot's `E' option without twoside option is use
less on input line 40.

) (usecases.sty (requerimientos.sty
("C:\Users\Gabriela\AppData\Local\Programs\MiKTeX 2.9\tex\latex\tools\longtable
.sty"
Package: longtable 2014/10/28 v4.11 Multi-page Table package (DPC)
\LTleft=\skip70
\LTright=\skip71
\LTpre=\skip72
\LTpost=\skip73
\LTchunksize=\count97
\LTcapwidth=\dimen116
\LT@head=\box26
\LT@firsthead=\box27
\LT@foot=\box28
\LT@lastfoot=\box29
\LT@cols=\count98
\LT@rows=\count99
\c@LT@tables=\count100
\c@LT@chunks=\count101
\LT@p@ftn=\toks19
)
("C:\Users\Gabriela\AppData\Local\Programs\MiKTeX 2.9\tex\latex\hyperref\hyperr
ef.sty"
Package: hyperref 2012/11/06 v6.83m Hypertext links for LaTeX

("C:\Users\Gabriela\AppData\Local\Programs\MiKTeX 2.9\tex\generic\oberdiek\hobs
ub-hyperref.sty"
Package: hobsub-hyperref 2012/04/25 v1.12 Bundle oberdiek, subset hyperref (HO)


("C:\Users\Gabriela\AppData\Local\Programs\MiKTeX 2.9\tex\generic\oberdiek\hobs
ub-generic.sty"
Package: hobsub-generic 2012/04/25 v1.12 Bundle oberdiek, subset generic (HO)
Package: hobsub 2012/04/25 v1.12 Construct package bundles (HO)
Package hobsub Info: Skipping package `infwarerr' (already loaded).
Package hobsub Info: Skipping package `ltxcmds' (already loaded).
Package: ifluatex 2010/03/01 v1.3 Provides the ifluatex switch (HO)
Package ifluatex Info: LuaTeX not detected.
Package hobsub Info: Skipping package `ifvtex' (already loaded).
Package: intcalc 2007/09/27 v1.1 Expandable calculations with integers (HO)
Package hobsub Info: Skipping package `ifpdf' (already loaded).
Package: etexcmds 2011/02/16 v1.5 Avoid name clashes with e-TeX commands (HO)
Package etexcmds Info: Could not find \expanded.
(etexcmds)             That can mean that you are not using pdfTeX 1.50 or
(etexcmds)             that some package has redefined \expanded.
(etexcmds)             In the latter case, load this package earlier.
Package: kvsetkeys 2012/04/25 v1.16 Key value parser (HO)
Package: kvdefinekeys 2011/04/07 v1.3 Define keys (HO)
Package: pdftexcmds 2011/11/29 v0.20 Utility functions of pdfTeX for LuaTeX (HO
)
Package pdftexcmds Info: LuaTeX not detected.
Package pdftexcmds Info: \pdf@primitive is available.
Package pdftexcmds Info: \pdf@ifprimitive is available.
Package pdftexcmds Info: \pdfdraftmode found.
Package: pdfescape 2011/11/25 v1.13 Implements pdfTeX's escape features (HO)
Package: bigintcalc 2012/04/08 v1.3 Expandable calculations on big integers (HO
)
Package: bitset 2011/01/30 v1.1 Handle bit-vector datatype (HO)
Package: uniquecounter 2011/01/30 v1.2 Provide unlimited unique counter (HO)
)
Package hobsub Info: Skipping package `hobsub' (already loaded).
Package: letltxmacro 2010/09/02 v1.4 Let assignment for LaTeX macros (HO)
Package: hopatch 2011/06/24 v1.1 Wrapper for package hooks (HO)
Package: xcolor-patch 2011/01/30 xcolor patch
Package: atveryend 2011/06/30 v1.8 Hooks at the very end of document (HO)
Package atveryend Info: \enddocument detected (standard20110627).
Package hobsub Info: Skipping package `atbegshi' (already loaded).
Package: refcount 2011/10/16 v3.4 Data extraction from label references (HO)
Package: hycolor 2011/01/30 v1.7 Color options for hyperref/bookmark (HO)
)
("C:\Users\Gabriela\AppData\Local\Programs\MiKTeX 2.9\tex\latex\oberdiek\auxhoo
k.sty"
Package: auxhook 2011/03/04 v1.3 Hooks for auxiliary files (HO)
)
("C:\Users\Gabriela\AppData\Local\Programs\MiKTeX 2.9\tex\latex\oberdiek\kvopti
ons.sty"
Package: kvoptions 2011/06/30 v3.11 Key value format for package options (HO)
)
\@linkdim=\dimen117
\Hy@linkcounter=\count102
\Hy@pagecounter=\count103

("C:\Users\Gabriela\AppData\Local\Programs\MiKTeX 2.9\tex\latex\hyperref\pd1enc
.def"
File: pd1enc.def 2012/11/06 v6.83m Hyperref: PDFDocEncoding definition (HO)
Now handling font encoding PD1 ...
... no UTF-8 mapping file for font encoding PD1
)
\Hy@SavedSpaceFactor=\count104

("C:\Users\Gabriela\AppData\Local\Programs\MiKTeX 2.9\tex\latex\00miktex\hyperr
ef.cfg"
File: hyperref.cfg 2002/06/06 v1.2 hyperref configuration of TeXLive
)
Package hyperref Info: Option `bookmarks' set `true' on input line 4319.
Package hyperref Info: Option `colorlinks' set `true' on input line 4319.
Package hyperref Info: Hyper figures OFF on input line 4443.
Package hyperref Info: Link nesting OFF on input line 4448.
Package hyperref Info: Hyper index ON on input line 4451.
Package hyperref Info: Plain pages OFF on input line 4458.
Package hyperref Info: Backreferencing OFF on input line 4463.
Package hyperref Info: Implicit mode ON; LaTeX internals redefined.
Package hyperref Info: Bookmarks ON on input line 4688.
\c@Hy@tempcnt=\count105

("C:\Users\Gabriela\AppData\Local\Programs\MiKTeX 2.9\tex\latex\url\url.sty"
\Urlmuskip=\muskip10
Package: url 2013/09/16  ver 3.4  Verb mode for urls, etc.
)
LaTeX Info: Redefining \url on input line 5041.
\XeTeXLinkMargin=\dimen118
\Fld@menulength=\count106
\Field@Width=\dimen119
\Fld@charsize=\dimen120
Package hyperref Info: Hyper figures OFF on input line 6295.
Package hyperref Info: Link nesting OFF on input line 6300.
Package hyperref Info: Hyper index ON on input line 6303.
Package hyperref Info: backreferencing OFF on input line 6310.
Package hyperref Info: Link coloring ON on input line 6313.
Package hyperref Info: Link coloring with OCG OFF on input line 6320.
Package hyperref Info: PDF/A mode OFF on input line 6325.
LaTeX Info: Redefining \ref on input line 6365.
LaTeX Info: Redefining \pageref on input line 6369.
\Hy@abspage=\count107
\c@Item=\count108
\c@Hfootnote=\count109
)

Package hyperref Message: Driver: hpdftex.


("C:\Users\Gabriela\AppData\Local\Programs\MiKTeX 2.9\tex\latex\hyperref\hpdfte
x.def"
File: hpdftex.def 2012/11/06 v6.83m Hyperref driver for pdfTeX
\Fld@listcount=\count110
\c@bookmark@seq@number=\count111

("C:\Users\Gabriela\AppData\Local\Programs\MiKTeX 2.9\tex\latex\oberdiek\rerunf
ilecheck.sty"
Package: rerunfilecheck 2011/04/15 v1.7 Rerun checks for auxiliary files (HO)
Package uniquecounter Info: New unique counter `rerunfilecheck' on input line 2
82.
)
\Hy@SectionHShift=\skip74
)
("C:\Users\Gabriela\AppData\Local\Programs\MiKTeX 2.9\tex\latex\amsfonts\amssym
b.sty"
Package: amssymb 2013/01/14 v3.01 AMS font symbols

("C:\Users\Gabriela\AppData\Local\Programs\MiKTeX 2.9\tex\latex\amsfonts\amsfon
ts.sty"
Package: amsfonts 2013/01/14 v3.01 Basic AMSFonts support
\@emptytoks=\toks20
\symAMSa=\mathgroup4
\symAMSb=\mathgroup5
LaTeX Font Info:    Overwriting math alphabet `\mathfrak' in version `bold'
(Font)                  U/euf/m/n --> U/euf/b/n on input line 106.
))
("C:\Users\Gabriela\AppData\Local\Programs\MiKTeX 2.9\tex\latex\colortbl\colort
bl.sty"
Package: colortbl 2012/02/13 v1.0a Color table columns (DPC)

("C:\Users\Gabriela\AppData\Local\Programs\MiKTeX 2.9\tex\latex\tools\array.sty
"
Package: array 2014/10/28 v2.4c Tabular extension package (FMi)
\col@sep=\dimen121
\extrarowheight=\dimen122
\NC@list=\toks21
\extratabsurround=\skip75
\backup@length=\skip76
)
\everycr=\toks22
\minrowclearance=\skip77
)
("C:\Users\Gabriela\AppData\Local\Programs\MiKTeX 2.9\tex\latex\multirow\multir
ow.sty"
\bigstrutjot=\dimen123
))
("C:\Users\Gabriela\AppData\Local\Programs\MiKTeX 2.9\tex\latex\chapterfolder\c
hapterfolder.sty"
Package: chapterfolder 2005/11/24 v2.0 Package for dealing with folder
\c@@cf@currentpos=\count112
)
("C:\Users\Gabriela\AppData\Local\Programs\MiKTeX 2.9\tex\latex\listings\listin
gs.sty"
\lst@mode=\count113
\lst@gtempboxa=\box30
\lst@token=\toks23
\lst@length=\count114
\lst@currlwidth=\dimen124
\lst@column=\count115
\lst@pos=\count116
\lst@lostspace=\dimen125
\lst@width=\dimen126
\lst@newlines=\count117
\lst@lineno=\count118
\lst@maxwidth=\dimen127

("C:\Users\Gabriela\AppData\Local\Programs\MiKTeX 2.9\tex\latex\listings\lstmis
c.sty"
File: lstmisc.sty 2015/06/04 1.6 (Carsten Heinz)
\c@lstnumber=\count119
\lst@skipnumbers=\count120
\lst@framebox=\box31
)
("C:\Users\Gabriela\AppData\Local\Programs\MiKTeX 2.9\tex\latex\listings\listin
gs.cfg"
File: listings.cfg 2015/06/04 1.6 listings configuration
))
Package: listings 2015/06/04 1.6 (Carsten Heinz)
) (disenio.aux
LaTeX Info: Redefining \. on input line 23.
LaTeX Info: Redefining \% on input line 23.
)
\openout1 = `disenio.aux'.

LaTeX Font Info:    Checking defaults for OML/cmm/m/it on input line 18.
LaTeX Font Info:    ... okay on input line 18.
LaTeX Font Info:    Checking defaults for T1/cmr/m/n on input line 18.
LaTeX Font Info:    ... okay on input line 18.
LaTeX Font Info:    Checking defaults for OT1/cmr/m/n on input line 18.
LaTeX Font Info:    ... okay on input line 18.
LaTeX Font Info:    Checking defaults for OMS/cmsy/m/n on input line 18.
LaTeX Font Info:    ... okay on input line 18.
LaTeX Font Info:    Checking defaults for OMX/cmex/m/n on input line 18.
LaTeX Font Info:    ... okay on input line 18.
LaTeX Font Info:    Checking defaults for U/cmr/m/n on input line 18.
LaTeX Font Info:    ... okay on input line 18.
LaTeX Font Info:    Checking defaults for PD1/pdf/m/n on input line 18.
LaTeX Font Info:    ... okay on input line 18.
LaTeX Info: Redefining \. on input line 18.
LaTeX Info: Redefining \% on input line 18.

("C:\Users\Gabriela\AppData\Local\Programs\MiKTeX 2.9\tex\context\base\supp-pdf
.mkii"
[Loading MPS to PDF converter (version 2006.09.02).]
\scratchcounter=\count121
\scratchdimen=\dimen128
\scratchbox=\box32
\nofMPsegments=\count122
\nofMParguments=\count123
\everyMPshowfont=\toks24
\MPscratchCnt=\count124
\MPscratchDim=\dimen129
\MPnumerator=\count125
\makeMPintoPDFobject=\count126
\everyMPtoPDFconversion=\toks25
)
\AtBeginShipoutBox=\box33

*geometry* driver: auto-detecting
*geometry* detected driver: pdftex
*geometry* verbose mode - [ preamble ] result:
* driver: pdftex
* paper: <default>
* layout: <same size as paper>
* layoutoffset:(h,v)=(0.0pt,0.0pt)
* modes: 
* h-part:(L,W,R)=(85.35826pt, 443.57848pt, 85.35826pt)
* v-part:(T,H,B)=(99.58464pt, 595.8007pt, 99.58464pt)
* \paperwidth=614.295pt
* \paperheight=794.96999pt
* \textwidth=470.0pt
* \textheight=630.0pt
* \oddsidemargin=13.08827pt
* \evensidemargin=30.0pt
* \topmargin=0.0pt
* \headheight=30.0pt
* \headsep=18.06749pt
* \topskip=10.0pt
* \footskip=25.29494pt
* \marginparwidth=0.0pt
* \marginparsep=7.0pt
* \columnsep=10.0pt
* \skip\footins=9.0pt plus 4.0pt minus 2.0pt
* \hoffset=-36.135pt
* \voffset=-36.135pt
* \mag=1000
* \@twocolumnfalse
* \@twosidefalse
* \@mparswitchfalse
* \@reversemarginfalse
* (1in=72.27pt=25.4mm, 1cm=28.453pt)

Package hyperref Info: Link coloring ON on input line 18.

("C:\Users\Gabriela\AppData\Local\Programs\MiKTeX 2.9\tex\latex\hyperref\namere
f.sty"
Package: nameref 2012/10/27 v2.43 Cross-referencing by name of section

("C:\Users\Gabriela\AppData\Local\Programs\MiKTeX 2.9\tex\generic\oberdiek\gett
itlestring.sty"
Package: gettitlestring 2010/12/03 v1.4 Cleanup title references (HO)
)
\c@section@level=\count127
)
LaTeX Info: Redefining \ref on input line 18.
LaTeX Info: Redefining \pageref on input line 18.
LaTeX Info: Redefining \nameref on input line 18.
 (disenio.out) (disenio.out)
\@outlinefile=\write3
\openout3 = `disenio.out'.

\c@lstlisting=\count128
LaTeX Font Info:    Try loading font information for U+msa on input line 21.

("C:\Users\Gabriela\AppData\Local\Programs\MiKTeX 2.9\tex\latex\amsfonts\umsa.f
d"
File: umsa.fd 2013/01/14 v3.01 AMS symbols A
)
LaTeX Font Info:    Try loading font information for U+msb on input line 21.

("C:\Users\Gabriela\AppData\Local\Programs\MiKTeX 2.9\tex\latex\amsfonts\umsb.f
d"
File: umsb.fd 2013/01/14 v3.01 AMS symbols B
)
Package babel Info: Redefining spanish shorthand <<
(babel)             in language  on input line 21.
Package babel Info: Redefining spanish shorthand >>
(babel)             in language  on input line 21.
Package babel Info: Redefining spanish shorthand "=
(babel)             in language  on input line 21.
Package babel Info: Redefining spanish shorthand "~
(babel)             in language  on input line 21.
Package babel Info: Redefining spanish shorthand "!
(babel)             in language  on input line 21.
Package babel Info: Redefining spanish shorthand "?
(babel)             in language  on input line 21.
Package babel Info: Redefining spanish shorthand <<
(babel)             in language  on input line 21.
Package babel Info: Redefining spanish shorthand >>
(babel)             in language  on input line 21.
Package babel Info: Redefining spanish shorthand "=
(babel)             in language  on input line 21.
Package babel Info: Redefining spanish shorthand "~
(babel)             in language  on input line 21.
Package babel Info: Redefining spanish shorthand "!
(babel)             in language  on input line 21.
Package babel Info: Redefining spanish shorthand "?
(babel)             in language  on input line 21.
 [1


{C:/Users/Gabriela/AppData/Local/MiKTeX/2.9/pdftex/config/pdftex.map}]
(disenio.toc
LaTeX Info: Redefining \. on input line 1.
LaTeX Info: Redefining \% on input line 1.
)
\tf@toc=\write4
\openout4 = `disenio.toc'.

Package babel Info: Redefining spanish shorthand <<
(babel)             in language  on input line 26.
Package babel Info: Redefining spanish shorthand >>
(babel)             in language  on input line 26.
Package babel Info: Redefining spanish shorthand "=
(babel)             in language  on input line 26.
Package babel Info: Redefining spanish shorthand "~
(babel)             in language  on input line 26.
Package babel Info: Redefining spanish shorthand "!
(babel)             in language  on input line 26.
Package babel Info: Redefining spanish shorthand "?
(babel)             in language  on input line 26.
Package babel Info: Redefining spanish shorthand <<
(babel)             in language  on input line 26.
Package babel Info: Redefining spanish shorthand >>
(babel)             in language  on input line 26.
Package babel Info: Redefining spanish shorthand "=
(babel)             in language  on input line 26.
Package babel Info: Redefining spanish shorthand "~
(babel)             in language  on input line 26.
Package babel Info: Redefining spanish shorthand "!
(babel)             in language  on input line 26.
Package babel Info: Redefining spanish shorthand "?
(babel)             in language  on input line 26.
 [1


]
Cap\'{\i }tulo 1.
Package babel Info: Redefining spanish shorthand <<
(babel)             in language  on input line 29.
Package babel Info: Redefining spanish shorthand >>
(babel)             in language  on input line 29.
Package babel Info: Redefining spanish shorthand "=
(babel)             in language  on input line 29.
Package babel Info: Redefining spanish shorthand "~
(babel)             in language  on input line 29.
Package babel Info: Redefining spanish shorthand "!
(babel)             in language  on input line 29.
Package babel Info: Redefining spanish shorthand "?
(babel)             in language  on input line 29.
(introduccion.tex
Package babel Info: Redefining spanish shorthand <<
(babel)             in language  on input line 23.
Package babel Info: Redefining spanish shorthand >>
(babel)             in language  on input line 23.
Package babel Info: Redefining spanish shorthand "=
(babel)             in language  on input line 23.
Package babel Info: Redefining spanish shorthand "~
(babel)             in language  on input line 23.
Package babel Info: Redefining spanish shorthand "!
(babel)             in language  on input line 23.
Package babel Info: Redefining spanish shorthand "?
(babel)             in language  on input line 23.
Package babel Info: Redefining spanish shorthand <<
(babel)             in language  on input line 23.
Package babel Info: Redefining spanish shorthand >>
(babel)             in language  on input line 23.
Package babel Info: Redefining spanish shorthand "=
(babel)             in language  on input line 23.
Package babel Info: Redefining spanish shorthand "~
(babel)             in language  on input line 23.
Package babel Info: Redefining spanish shorthand "!
(babel)             in language  on input line 23.
Package babel Info: Redefining spanish shorthand "?
(babel)             in language  on input line 23.
pdfTeX warning (ext4): destination with the same identifier (name{page.1}) has 
been already used, duplicate ignored
<to be read again> 
                   \relax 
l.23 -
       Martínez Vilchis Juan Moisés. [1


]
Package babel Info: Redefining spanish shorthand <<
(babel)             in language  on input line 34.
Package babel Info: Redefining spanish shorthand >>
(babel)             in language  on input line 34.
Package babel Info: Redefining spanish shorthand "=
(babel)             in language  on input line 34.
Package babel Info: Redefining spanish shorthand "~
(babel)             in language  on input line 34.
Package babel Info: Redefining spanish shorthand "!
(babel)             in language  on input line 34.
Package babel Info: Redefining spanish shorthand "?
(babel)             in language  on input line 34.
Package babel Info: Redefining spanish shorthand <<
(babel)             in language  on input line 38.
Package babel Info: Redefining spanish shorthand >>
(babel)             in language  on input line 38.
Package babel Info: Redefining spanish shorthand "=
(babel)             in language  on input line 38.
Package babel Info: Redefining spanish shorthand "~
(babel)             in language  on input line 38.
Package babel Info: Redefining spanish shorthand "!
(babel)             in language  on input line 38.
Package babel Info: Redefining spanish shorthand "?
(babel)             in language  on input line 38.
)
<images/headerInp.png, id=118, 1858.945pt x 358.33875pt>
File: images/headerInp.png Graphic file (type png)

<use images/headerInp.png>
Package pdftex.def Info: images/headerInp.png used on input line 34.
(pdftex.def)             Requested size: 181.56552pt x 35.0pt.


Package Fancyhdr Warning: \headheight is too small (30.0pt): 
 Make it at least 38.60004pt.
 We now make it that large for the rest of the document.
 This may cause the page layout to be inconsistent, however.

LaTeX Font Info:    Try loading font information for U+mvs on input line 34.

("C:\Users\Gabriela\AppData\Local\Programs\MiKTeX 2.9\tex\latex\marvosym\umvs.f
d")
Package babel Info: Redefining spanish shorthand <<
(babel)             in language  on input line 34.
Package babel Info: Redefining spanish shorthand >>
(babel)             in language  on input line 34.
Package babel Info: Redefining spanish shorthand "=
(babel)             in language  on input line 34.
Package babel Info: Redefining spanish shorthand "~
(babel)             in language  on input line 34.
Package babel Info: Redefining spanish shorthand "!
(babel)             in language  on input line 34.
Package babel Info: Redefining spanish shorthand "?
(babel)             in language  on input line 34.
Package babel Info: Redefining spanish shorthand <<
(babel)             in language  on input line 34.
Package babel Info: Redefining spanish shorthand >>
(babel)             in language  on input line 34.
Package babel Info: Redefining spanish shorthand "=
(babel)             in language  on input line 34.
Package babel Info: Redefining spanish shorthand "~
(babel)             in language  on input line 34.
Package babel Info: Redefining spanish shorthand "!
(babel)             in language  on input line 34.
Package babel Info: Redefining spanish shorthand "?
(babel)             in language  on input line 34.
 [2 <./images/headerInp.png>]
Cap\'{\i }tulo 2.
Package babel Info: Redefining spanish shorthand <<
(babel)             in language  on input line 34.
Package babel Info: Redefining spanish shorthand >>
(babel)             in language  on input line 34.
Package babel Info: Redefining spanish shorthand "=
(babel)             in language  on input line 34.
Package babel Info: Redefining spanish shorthand "~
(babel)             in language  on input line 34.
Package babel Info: Redefining spanish shorthand "!
(babel)             in language  on input line 34.
Package babel Info: Redefining spanish shorthand "?
(babel)             in language  on input line 34.
(estatico.tex
Underfull \hbox (badness 10000) in paragraph at lines 1--2

 []

Package babel Info: Redefining spanish shorthand <<
(babel)             in language  on input line 6.
Package babel Info: Redefining spanish shorthand >>
(babel)             in language  on input line 6.
Package babel Info: Redefining spanish shorthand "=
(babel)             in language  on input line 6.
Package babel Info: Redefining spanish shorthand "~
(babel)             in language  on input line 6.
Package babel Info: Redefining spanish shorthand "!
(babel)             in language  on input line 6.
Package babel Info: Redefining spanish shorthand "?
(babel)             in language  on input line 6.
Package babel Info: Redefining spanish shorthand <<
(babel)             in language  on input line 9.
Package babel Info: Redefining spanish shorthand >>
(babel)             in language  on input line 9.
Package babel Info: Redefining spanish shorthand "=
(babel)             in language  on input line 9.
Package babel Info: Redefining spanish shorthand "~
(babel)             in language  on input line 9.
Package babel Info: Redefining spanish shorthand "!
(babel)             in language  on input line 9.
Package babel Info: Redefining spanish shorthand "?
(babel)             in language  on input line 9.
Package babel Info: Redefining spanish shorthand <<
(babel)             in language  on input line 17.
Package babel Info: Redefining spanish shorthand >>
(babel)             in language  on input line 17.
Package babel Info: Redefining spanish shorthand "=
(babel)             in language  on input line 17.
Package babel Info: Redefining spanish shorthand "~
(babel)             in language  on input line 17.
Package babel Info: Redefining spanish shorthand "!
(babel)             in language  on input line 17.
Package babel Info: Redefining spanish shorthand "?
(babel)             in language  on input line 17.
Package babel Info: Redefining spanish shorthand <<
(babel)             in language  on input line 20.
Package babel Info: Redefining spanish shorthand >>
(babel)             in language  on input line 20.
Package babel Info: Redefining spanish shorthand "=
(babel)             in language  on input line 20.
Package babel Info: Redefining spanish shorthand "~
(babel)             in language  on input line 20.
Package babel Info: Redefining spanish shorthand "!
(babel)             in language  on input line 20.
Package babel Info: Redefining spanish shorthand "?
(babel)             in language  on input line 20.
Package babel Info: Redefining spanish shorthand <<
(babel)             in language  on input line 23.
Package babel Info: Redefining spanish shorthand >>
(babel)             in language  on input line 23.
Package babel Info: Redefining spanish shorthand "=
(babel)             in language  on input line 23.
Package babel Info: Redefining spanish shorthand "~
(babel)             in language  on input line 23.
Package babel Info: Redefining spanish shorthand "!
(babel)             in language  on input line 23.
Package babel Info: Redefining spanish shorthand "?
(babel)             in language  on input line 23.
Package babel Info: Redefining spanish shorthand <<
(babel)             in language  on input line 26.
Package babel Info: Redefining spanish shorthand >>
(babel)             in language  on input line 26.
Package babel Info: Redefining spanish shorthand "=
(babel)             in language  on input line 26.
Package babel Info: Redefining spanish shorthand "~
(babel)             in language  on input line 26.
Package babel Info: Redefining spanish shorthand "!
(babel)             in language  on input line 26.
Package babel Info: Redefining spanish shorthand "?
(babel)             in language  on input line 26.
)
Package babel Info: Redefining spanish shorthand <<
(babel)             in language  on input line 39.
Package babel Info: Redefining spanish shorthand >>
(babel)             in language  on input line 39.
Package babel Info: Redefining spanish shorthand "=
(babel)             in language  on input line 39.
Package babel Info: Redefining spanish shorthand "~
(babel)             in language  on input line 39.
Package babel Info: Redefining spanish shorthand "!
(babel)             in language  on input line 39.
Package babel Info: Redefining spanish shorthand "?
(babel)             in language  on input line 39.
Package babel Info: Redefining spanish shorthand <<
(babel)             in language  on input line 39.
Package babel Info: Redefining spanish shorthand >>
(babel)             in language  on input line 39.
Package babel Info: Redefining spanish shorthand "=
(babel)             in language  on input line 39.
Package babel Info: Redefining spanish shorthand "~
(babel)             in language  on input line 39.
Package babel Info: Redefining spanish shorthand "!
(babel)             in language  on input line 39.
Package babel Info: Redefining spanish shorthand "?
(babel)             in language  on input line 39.
 [3

]
Cap\'{\i }tulo 3.
Package babel Info: Redefining spanish shorthand <<
(babel)             in language  on input line 39.
Package babel Info: Redefining spanish shorthand >>
(babel)             in language  on input line 39.
Package babel Info: Redefining spanish shorthand "=
(babel)             in language  on input line 39.
Package babel Info: Redefining spanish shorthand "~
(babel)             in language  on input line 39.
Package babel Info: Redefining spanish shorthand "!
(babel)             in language  on input line 39.
Package babel Info: Redefining spanish shorthand "?
(babel)             in language  on input line 39.
(dinamico.tex
Package babel Info: Redefining spanish shorthand <<
(babel)             in language  on input line 4.
Package babel Info: Redefining spanish shorthand >>
(babel)             in language  on input line 4.
Package babel Info: Redefining spanish shorthand "=
(babel)             in language  on input line 4.
Package babel Info: Redefining spanish shorthand "~
(babel)             in language  on input line 4.
Package babel Info: Redefining spanish shorthand "!
(babel)             in language  on input line 4.
Package babel Info: Redefining spanish shorthand "?
(babel)             in language  on input line 4.
Package babel Info: Redefining spanish shorthand <<
(babel)             in language  on input line 8.
Package babel Info: Redefining spanish shorthand >>
(babel)             in language  on input line 8.
Package babel Info: Redefining spanish shorthand "=
(babel)             in language  on input line 8.
Package babel Info: Redefining spanish shorthand "~
(babel)             in language  on input line 8.
Package babel Info: Redefining spanish shorthand "!
(babel)             in language  on input line 8.
Package babel Info: Redefining spanish shorthand "?
(babel)             in language  on input line 8.
)
Package babel Info: Redefining spanish shorthand <<
(babel)             in language  on input line 44.
Package babel Info: Redefining spanish shorthand >>
(babel)             in language  on input line 44.
Package babel Info: Redefining spanish shorthand "=
(babel)             in language  on input line 44.
Package babel Info: Redefining spanish shorthand "~
(babel)             in language  on input line 44.
Package babel Info: Redefining spanish shorthand "!
(babel)             in language  on input line 44.
Package babel Info: Redefining spanish shorthand "?
(babel)             in language  on input line 44.
Package babel Info: Redefining spanish shorthand <<
(babel)             in language  on input line 44.
Package babel Info: Redefining spanish shorthand >>
(babel)             in language  on input line 44.
Package babel Info: Redefining spanish shorthand "=
(babel)             in language  on input line 44.
Package babel Info: Redefining spanish shorthand "~
(babel)             in language  on input line 44.
Package babel Info: Redefining spanish shorthand "!
(babel)             in language  on input line 44.
Package babel Info: Redefining spanish shorthand "?
(babel)             in language  on input line 44.
 [4

]
Cap\'{\i }tulo 4.
Package babel Info: Redefining spanish shorthand <<
(babel)             in language  on input line 44.
Package babel Info: Redefining spanish shorthand >>
(babel)             in language  on input line 44.
Package babel Info: Redefining spanish shorthand "=
(babel)             in language  on input line 44.
Package babel Info: Redefining spanish shorthand "~
(babel)             in language  on input line 44.
Package babel Info: Redefining spanish shorthand "!
(babel)             in language  on input line 44.
Package babel Info: Redefining spanish shorthand "?
(babel)             in language  on input line 44.
(dominio.tex
Package babel Info: Redefining spanish shorthand <<
(babel)             in language  on input line 4.
Package babel Info: Redefining spanish shorthand >>
(babel)             in language  on input line 4.
Package babel Info: Redefining spanish shorthand "=
(babel)             in language  on input line 4.
Package babel Info: Redefining spanish shorthand "~
(babel)             in language  on input line 4.
Package babel Info: Redefining spanish shorthand "!
(babel)             in language  on input line 4.
Package babel Info: Redefining spanish shorthand "?
(babel)             in language  on input line 4.
Package babel Info: Redefining spanish shorthand <<
(babel)             in language  on input line 6.
Package babel Info: Redefining spanish shorthand >>
(babel)             in language  on input line 6.
Package babel Info: Redefining spanish shorthand "=
(babel)             in language  on input line 6.
Package babel Info: Redefining spanish shorthand "~
(babel)             in language  on input line 6.
Package babel Info: Redefining spanish shorthand "!
(babel)             in language  on input line 6.
Package babel Info: Redefining spanish shorthand "?
(babel)             in language  on input line 6.
Package babel Info: Redefining spanish shorthand <<
(babel)             in language  on input line 8.
Package babel Info: Redefining spanish shorthand >>
(babel)             in language  on input line 8.
Package babel Info: Redefining spanish shorthand "=
(babel)             in language  on input line 8.
Package babel Info: Redefining spanish shorthand "~
(babel)             in language  on input line 8.
Package babel Info: Redefining spanish shorthand "!
(babel)             in language  on input line 8.
Package babel Info: Redefining spanish shorthand "?
(babel)             in language  on input line 8.
Package babel Info: Redefining spanish shorthand <<
(babel)             in language  on input line 10.
Package babel Info: Redefining spanish shorthand >>
(babel)             in language  on input line 10.
Package babel Info: Redefining spanish shorthand "=
(babel)             in language  on input line 10.
Package babel Info: Redefining spanish shorthand "~
(babel)             in language  on input line 10.
Package babel Info: Redefining spanish shorthand "!
(babel)             in language  on input line 10.
Package babel Info: Redefining spanish shorthand "?
(babel)             in language  on input line 10.
Package babel Info: Redefining spanish shorthand <<
(babel)             in language  on input line 12.
Package babel Info: Redefining spanish shorthand >>
(babel)             in language  on input line 12.
Package babel Info: Redefining spanish shorthand "=
(babel)             in language  on input line 12.
Package babel Info: Redefining spanish shorthand "~
(babel)             in language  on input line 12.
Package babel Info: Redefining spanish shorthand "!
(babel)             in language  on input line 12.
Package babel Info: Redefining spanish shorthand "?
(babel)             in language  on input line 12.
)
Package atveryend Info: Empty hook `BeforeClearDocument' on input line 48.
Package babel Info: Redefining spanish shorthand <<
(babel)             in language  on input line 48.
Package babel Info: Redefining spanish shorthand >>
(babel)             in language  on input line 48.
Package babel Info: Redefining spanish shorthand "=
(babel)             in language  on input line 48.
Package babel Info: Redefining spanish shorthand "~
(babel)             in language  on input line 48.
Package babel Info: Redefining spanish shorthand "!
(babel)             in language  on input line 48.
Package babel Info: Redefining spanish shorthand "?
(babel)             in language  on input line 48.
Package babel Info: Redefining spanish shorthand <<
(babel)             in language  on input line 48.
Package babel Info: Redefining spanish shorthand >>
(babel)             in language  on input line 48.
Package babel Info: Redefining spanish shorthand "=
(babel)             in language  on input line 48.
Package babel Info: Redefining spanish shorthand "~
(babel)             in language  on input line 48.
Package babel Info: Redefining spanish shorthand "!
(babel)             in language  on input line 48.
Package babel Info: Redefining spanish shorthand "?
(babel)             in language  on input line 48.
 [5

]
Package atveryend Info: Empty hook `AfterLastShipout' on input line 48.
 (disenio.aux
LaTeX Info: Redefining \. on input line 23.
LaTeX Info: Redefining \% on input line 23.
)
Package atveryend Info: Executing hook `AtVeryEndDocument' on input line 48.
Package atveryend Info: Executing hook `AtEndAfterFileList' on input line 48.
Package rerunfilecheck Info: File `disenio.out' has not changed.
(rerunfilecheck)             Checksum: 509AF780EDDE42118EB0852B7116352E;1367.
Package atveryend Info: Empty hook `AtVeryVeryEnd' on input line 48.
 ) 
Here is how much of TeX's memory you used:
 9457 strings out of 493634
 135634 string characters out of 3134016
 237426 words of memory out of 3000000
 12643 multiletter control sequences out of 15000+200000
 13486 words of font info for 51 fonts, out of 3000000 for 9000
 1025 hyphenation exceptions out of 8191
 48i,15n,45p,720b,384s stack positions out of 5000i,500n,10000p,200000b,50000s
<C:/Users/Gabriela/AppData/Local/Programs/MiKTeX 2.9/fonts/type1/public/amsfo
nts/cm/cmbx10.pfb><C:/Users/Gabriela/AppData/Local/Programs/MiKTeX 2.9/fonts/ty
pe1/public/amsfonts/cm/cmbx12.pfb><C:/Users/Gabriela/AppData/Local/Programs/MiK
TeX 2.9/fonts/type1/public/amsfonts/cm/cmcsc10.pfb><C:/Users/Gabriela/AppData/L
ocal/Programs/MiKTeX 2.9/fonts/type1/public/amsfonts/cm/cmr10.pfb><C:/Users/Gab
riela/AppData/Local/Programs/MiKTeX 2.9/fonts/type1/public/amsfonts/cm/cmr12.pf
b><C:/Users/Gabriela/AppData/Local/Programs/MiKTeX 2.9/fonts/type1/public/amsfo
nts/cm/cmr17.pfb><C:/Users/Gabriela/AppData/Local/Programs/MiKTeX 2.9/fonts/typ
e1/public/amsfonts/cm/cmr8.pfb><C:/Users/Gabriela/AppData/Local/Programs/MiKTeX
 2.9/fonts/type1/public/amsfonts/cm/cmss12.pfb><C:/Users/Gabriela/AppData/Local
/Programs/MiKTeX 2.9/fonts/type1/public/amsfonts/cm/cmss17.pfb><C:/Users/Gabrie
la/AppData/Local/Programs/MiKTeX 2.9/fonts/type1/public/amsfonts/cm/cmti7.pfb><
C:/Users/Gabriela/AppData/Local/Programs/MiKTeX 2.9/fonts/type1/public/marvosym
/marvosym.pfb>
Output written on disenio.pdf (7 pages, 234186 bytes).
PDF statistics:
 190 PDF objects out of 1000 (max. 8388607)
 31 named destinations out of 1000 (max. 500000)
 158 words of extra memory for PDF output out of 10000 (max. 10000000)

