\BOOKMARK [0][-]{chapter.1}{Introducci\363n}{}% 1
\BOOKMARK [1][-]{section.1.1}{Prop\363sito}{chapter.1}% 2
\BOOKMARK [1][-]{section.1.2}{Alcance}{chapter.1}% 3
\BOOKMARK [1][-]{section.1.3}{Definiciones, acr\363nimos y abreviaturas}{chapter.1}% 4
\BOOKMARK [1][-]{section.1.4}{Referencias}{chapter.1}% 5
\BOOKMARK [1][-]{section.1.5}{Contenido y organizaci\363n}{chapter.1}% 6
\BOOKMARK [0][-]{chapter.2}{An\341lisis del problema}{}% 7
\BOOKMARK [1][-]{section.2.1}{Contexto del sistema}{chapter.2}% 8
\BOOKMARK [1][-]{section.2.2}{Procesos actuales}{chapter.2}% 9
\BOOKMARK [2][-]{subsection.2.2.1}{Participantes}{section.2.2}% 10
\BOOKMARK [2][-]{subsection.2.2.2}{Procesos}{section.2.2}% 11
\BOOKMARK [1][-]{section.2.3}{Problemas identificados}{chapter.2}% 12
\BOOKMARK [2][-]{subsection.2.3.1}{Problema general}{section.2.3}% 13
\BOOKMARK [2][-]{subsection.2.3.2}{Descomposici\363n del problema}{section.2.3}% 14
\BOOKMARK [2][-]{subsection.2.3.3}{An\341lisis de causas}{section.2.3}% 15
\BOOKMARK [1][-]{section.2.4}{Propuesta de soluci\363n}{chapter.2}% 16
\BOOKMARK [2][-]{subsection.2.4.1}{Alternativas de soluci\363n}{section.2.4}% 17
\BOOKMARK [0][-]{chapter.3}{Propuesta de soluci\363n}{}% 18
\BOOKMARK [1][-]{section.3.1}{Objetivos}{chapter.3}% 19
\BOOKMARK [2][-]{subsection.3.1.1}{Objetivo general}{section.3.1}% 20
\BOOKMARK [2][-]{subsection.3.1.2}{Objetivos espec\355ficos}{section.3.1}% 21
\BOOKMARK [1][-]{section.3.2}{Modelo de despliegue}{chapter.3}% 22
\BOOKMARK [2][-]{subsection.3.2.1}{Requerimientos no funcionales}{section.3.2}% 23
\BOOKMARK [2][-]{subsection.3.2.2}{Modelo de despliegue del sistema}{section.3.2}% 24
\BOOKMARK [2][-]{subsection.3.2.3}{Especificaci\363n de Plataforma}{section.3.2}% 25
\BOOKMARK [0][-]{chapter.4}{Modelo de Negocios}{}% 26
\BOOKMARK [1][-]{section.4.1}{Glosario de t\351rminos}{chapter.4}% 27
\BOOKMARK [1][-]{section.4.2}{Proceso ajustado}{chapter.4}% 28
\BOOKMARK [1][-]{section.4.3}{Procesos actuales}{chapter.4}% 29
\BOOKMARK [2][-]{subsection.4.3.1}{Participantes}{section.4.3}% 30
\BOOKMARK [2][-]{subsection.4.3.2}{Proceso A}{section.4.3}% 31
\BOOKMARK [2][-]{subsection.4.3.3}{Proceso B}{section.4.3}% 32
\BOOKMARK [1][-]{section.4.4}{Modelo de entidades del negocio}{chapter.4}% 33
\BOOKMARK [1][-]{section.4.5}{Descripci\363n de atributos}{chapter.4}% 34
\BOOKMARK [2][-]{subsection.4.5.1}{Atributos de ``Alumno''}{section.4.5}% 35
\BOOKMARK [1][-]{section.4.6}{Reglas de Negocio}{chapter.4}% 36
\BOOKMARK [0][-]{chapter.5}{Modelo del despliegue del sistema}{}% 37
\BOOKMARK [0][-]{chapter.6}{Modelo de comportamiento}{}% 38
\BOOKMARK [1][-]{section.6.1}{CU1 Login}{chapter.6}% 39
\BOOKMARK [2][-]{subsection.6.1.1}{Descripci\363n completa}{section.6.1}% 40
\BOOKMARK [2][-]{subsection.6.1.2}{Atributos importantes}{section.6.1}% 41
\BOOKMARK [2][-]{subsection.6.1.3}{Trayectorias del Caso de Uso}{section.6.1}% 42
\BOOKMARK [1][-]{section.6.2}{CU2 Alta de usuario}{chapter.6}% 43
\BOOKMARK [2][-]{subsection.6.2.1}{Descripci\363n completa}{section.6.2}% 44
\BOOKMARK [2][-]{subsection.6.2.2}{Atributos importantes}{section.6.2}% 45
\BOOKMARK [2][-]{subsection.6.2.3}{Trayectorias del Caso de Uso}{section.6.2}% 46
\BOOKMARK [1][-]{section.6.3}{CU3 Agregar componente}{chapter.6}% 47
\BOOKMARK [2][-]{subsection.6.3.1}{Descripci\363n completa}{section.6.3}% 48
\BOOKMARK [2][-]{subsection.6.3.2}{Atributos importantes}{section.6.3}% 49
\BOOKMARK [2][-]{subsection.6.3.3}{Trayectorias del Caso de Uso}{section.6.3}% 50
\BOOKMARK [1][-]{section.6.4}{CU4 Eliminar componente}{chapter.6}% 51
\BOOKMARK [2][-]{subsection.6.4.1}{Descripci\363n completa}{section.6.4}% 52
\BOOKMARK [2][-]{subsection.6.4.2}{Atributos importantes}{section.6.4}% 53
\BOOKMARK [2][-]{subsection.6.4.3}{Trayectorias del Caso de Uso}{section.6.4}% 54
\BOOKMARK [1][-]{section.6.5}{CU5 Editar componente}{chapter.6}% 55
\BOOKMARK [2][-]{subsection.6.5.1}{Descripci\363n completa}{section.6.5}% 56
\BOOKMARK [2][-]{subsection.6.5.2}{Atributos importantes}{section.6.5}% 57
\BOOKMARK [2][-]{subsection.6.5.3}{Trayectorias del Caso de Uso}{section.6.5}% 58
\BOOKMARK [1][-]{section.6.6}{CU6 Calificar usuario}{chapter.6}% 59
\BOOKMARK [2][-]{subsection.6.6.1}{Descripci\363n completa}{section.6.6}% 60
\BOOKMARK [2][-]{subsection.6.6.2}{Atributos importantes}{section.6.6}% 61
\BOOKMARK [2][-]{subsection.6.6.3}{Trayectorias del Caso de Uso}{section.6.6}% 62
\BOOKMARK [1][-]{section.6.7}{CU7 Consultar componentes}{chapter.6}% 63
\BOOKMARK [2][-]{subsection.6.7.1}{Descripci\363n completa}{section.6.7}% 64
\BOOKMARK [2][-]{subsection.6.7.2}{Atributos importantes}{section.6.7}% 65
\BOOKMARK [2][-]{subsection.6.7.3}{Trayectorias del Caso de Uso}{section.6.7}% 66
\BOOKMARK [1][-]{section.6.8}{CU8 Buscar componentes}{chapter.6}% 67
\BOOKMARK [2][-]{subsection.6.8.1}{Descripci\363n completa}{section.6.8}% 68
\BOOKMARK [2][-]{subsection.6.8.2}{Atributos importantes}{section.6.8}% 69
\BOOKMARK [2][-]{subsection.6.8.3}{Trayectorias del Caso de Uso}{section.6.8}% 70
\BOOKMARK [1][-]{section.6.9}{CU10 Editar informacion de perfil.}{chapter.6}% 71
\BOOKMARK [2][-]{subsection.6.9.1}{Descripci\363n completa}{section.6.9}% 72
\BOOKMARK [2][-]{subsection.6.9.2}{Atributos importantes}{section.6.9}% 73
\BOOKMARK [2][-]{subsection.6.9.3}{Trayectorias del Caso de Uso}{section.6.9}% 74
\BOOKMARK [1][-]{section.6.10}{CU11 Denunciar usuario.}{chapter.6}% 75
\BOOKMARK [2][-]{subsection.6.10.1}{Descripci\363n completa}{section.6.10}% 76
\BOOKMARK [2][-]{subsection.6.10.2}{Atributos importantes}{section.6.10}% 77
\BOOKMARK [2][-]{subsection.6.10.3}{Trayectorias del Caso de Uso}{section.6.10}% 78
\BOOKMARK [1][-]{section.6.11}{CU13 Enviar comentario en la oferta de venta.}{chapter.6}% 79
\BOOKMARK [2][-]{subsection.6.11.1}{Descripci\363n completa}{section.6.11}% 80
\BOOKMARK [2][-]{subsection.6.11.2}{Atributos importantes}{section.6.11}% 81
\BOOKMARK [2][-]{subsection.6.11.3}{Trayectorias del Caso de Uso}{section.6.11}% 82
\BOOKMARK [1][-]{section.6.12}{CU14 Editar comentario en la oferta de venta.}{chapter.6}% 83
\BOOKMARK [2][-]{subsection.6.12.1}{Descripci\363n completa}{section.6.12}% 84
\BOOKMARK [2][-]{subsection.6.12.2}{Atributos importantes}{section.6.12}% 85
\BOOKMARK [2][-]{subsection.6.12.3}{Trayectorias del Caso de Uso}{section.6.12}% 86
\BOOKMARK [0][-]{chapter.7}{Modelo de la Interacci\363n}{}% 87
\BOOKMARK [1][-]{subsection.7.0.1}{IU3 Perfil de proveedor}{chapter.7}% 88
\BOOKMARK [2][-]{subsection.7.0.2}{IU4 Perfil de usuario}{subsection.7.0.1}% 89
\BOOKMARK [2][-]{subsection.7.0.3}{IU5 Oferta de Venta}{subsection.7.0.1}% 90
\BOOKMARK [2][-]{subsection.7.0.4}{UI19 Ver componentes disponibles}{subsection.7.0.1}% 91
\BOOKMARK [2][-]{subsection.7.0.5}{UI20 Editar informaci\363n del componente}{subsection.7.0.1}% 92
\BOOKMARK [2][-]{subsection.7.0.6}{UI21 Calificar usuario}{subsection.7.0.1}% 93
\BOOKMARK [2][-]{subsection.7.0.7}{UI22 Ver todos los componentes}{subsection.7.0.1}% 94
